<?xml version="1.0" encoding="UTF-8"?>
<!-- Generated by org.testng.reporters.JUnitReportReporter -->
<testsuite hostname="LAPTOP-TV2ANJ2T" failures="0" tests="1" name="testngAnnotations.AdditionParametersAttributeWithMultiplaeClass" time="0.005" errors="0" timestamp="2023-03-19T14:56:17 IST" skipped="0">
  <testcase classname="testngAnnotations.AdditionParametersAttributeWithMultiplaeClass" name="additionMethod" time="0.005"/>
  <system-out/>
</testsuite> <!-- testngAnnotations.AdditionParametersAttributeWithMultiplaeClass -->
