<?xml version="1.0" encoding="UTF-8"?>
<!-- Generated by org.testng.reporters.JUnitReportReporter -->
<testsuite hostname="LAPTOP-TV2ANJ2T" failures="0" tests="3" name="testngAnnotations.TestngDescriptionAnnotationAttributeTest" time="0.014" errors="0" timestamp="2023-03-19T12:10:56 IST" skipped="0">
  <testcase classname="testngAnnotations.TestngDescriptionAnnotationAttributeTest" name="login" time="0.011"/>
  <system-out/>
  <testcase classname="testngAnnotations.TestngDescriptionAnnotationAttributeTest" name="credential" time="0.001"/>
  <system-out/>
  <testcase classname="testngAnnotations.TestngDescriptionAnnotationAttributeTest" name="logout" time="0.002"/>
  <system-out/>
</testsuite> <!-- testngAnnotations.TestngDescriptionAnnotationAttributeTest -->
