<?xml version="1.0" encoding="UTF-8"?>
<!-- Generated by org.testng.reporters.JUnitReportReporter -->
<testsuite hostname="LAPTOP-TV2ANJ2T" failures="0" tests="1" name="testngAnnotations.Substraction" time="0.001" errors="0" timestamp="2023-03-19T14:56:17 IST" skipped="0">
  <testcase classname="testngAnnotations.Substraction" name="substarctionMethod" time="0.001"/>
  <system-out/>
</testsuite> <!-- testngAnnotations.Substraction -->
