<?xml version="1.0" encoding="UTF-8"?>
<!-- Generated by org.testng.reporters.JUnitReportReporter -->
<testsuite hostname="LAPTOP-TV2ANJ2T" failures="0" tests="3" name="testngAnnotations.EnabledAnnotationAttributeTest" time="0.001" errors="0" timestamp="2023-03-19T12:10:56 IST" skipped="2">
  <testcase classname="testngAnnotations.EnabledAnnotationAttributeTest" name="login" time="0.001"/>
  <system-out/>
  <testcase classname="testngAnnotations.EnabledAnnotationAttributeTest" name="logout">
    <skipped/>
  </testcase> <!-- logout -->
  <system-out/>
  <testcase classname="testngAnnotations.EnabledAnnotationAttributeTest" name="credential">
    <skipped/>
  </testcase> <!-- credential -->
  <system-out/>
</testsuite> <!-- testngAnnotations.EnabledAnnotationAttributeTest -->
