<?xml version="1.0" encoding="UTF-8"?>
<!-- Generated by org.testng.reporters.JUnitReportReporter -->
<testsuite hostname="LAPTOP-TV2ANJ2T" failures="0" tests="3" name="testngAnnotations.ParameterAnnotationSingleClass" time="0.012" errors="0" timestamp="2023-03-19T14:53:56 IST" skipped="0">
  <testcase classname="testngAnnotations.ParameterAnnotationSingleClass" name="Multiplication" time="0.010"/>
  <system-out/>
  <testcase classname="testngAnnotations.ParameterAnnotationSingleClass" name="substarction" time="0.001"/>
  <system-out/>
  <testcase classname="testngAnnotations.ParameterAnnotationSingleClass" name="addition" time="0.001"/>
  <system-out/>
</testsuite> <!-- testngAnnotations.ParameterAnnotationSingleClass -->
