<?xml version="1.0" encoding="UTF-8"?>
<!-- Generated by org.testng.reporters.JUnitReportReporter -->
<testsuite hostname="LAPTOP-TV2ANJ2T" failures="0" tests="2" name="testngAnnotations.groupsAnnotationAttribute" time="0.011" errors="0" timestamp="2023-03-19T14:44:34 IST" skipped="0">
  <testcase classname="testngAnnotations.groupsAnnotationAttribute" name="credential" time="0.010"/>
  <system-out/>
  <testcase classname="testngAnnotations.groupsAnnotationAttribute" name="login" time="0.001"/>
  <system-out/>
</testsuite> <!-- testngAnnotations.groupsAnnotationAttribute -->
