<?xml version="1.0" encoding="UTF-8"?>
<!-- Generated by org.testng.reporters.JUnitReportReporter -->
<testsuite hostname="LAPTOP-TV2ANJ2T" failures="0" tests="1" name="testingAnnotatios.Screenshot" time="5.346" errors="0" timestamp="2023-03-22T14:23:54 IST" skipped="0">
  <testcase classname="testingAnnotatios.Screenshot" name="screenshott" time="5.346"/>
  <system-out/>
</testsuite> <!-- testingAnnotatios.Screenshot -->
