<?xml version="1.0" encoding="UTF-8"?>
<!-- Generated by org.testng.reporters.JUnitReportReporter -->
<testsuite hostname="LAPTOP-TV2ANJ2T" failures="0" tests="1" name="testCase.JsonParseWithTestNG" time="0.862" errors="0" timestamp="2023-07-10T16:02:16 IST" skipped="0">
  <testcase classname="testCase.JsonParseWithTestNG" name="sumOfCoursePriceValidation" time="0.862"/>
</testsuite> <!-- testCase.JsonParseWithTestNG -->
