<?xml version="1.0" encoding="UTF-8"?>
<!-- Generated by org.testng.reporters.JUnitReportReporter -->
<testsuite hostname="LAPTOP-TV2ANJ2T" failures="0" tests="1" name="day1.HTTPRequests" time="1.570" errors="0" timestamp="2023-07-03T12:48:40 IST" skipped="0">
  <testcase classname="day1.HTTPRequests" name="getUserList" time="1.570"/>
</testsuite> <!-- day1.HTTPRequests -->
