<?xml version="1.0" encoding="UTF-8"?>
<!-- Generated by org.testng.reporters.JUnitReportReporter -->
<testsuite hostname="LAPTOP-TV2ANJ2T" failures="0" tests="1" name="testngPractice.SampleClass" time="0.010" errors="0" timestamp="2023-03-16T20:36:28 IST" skipped="0">
  <testcase classname="testngPractice.SampleClass" name="TestCase1" time="0.010"/>
  <system-out/>
</testsuite> <!-- testngPractice.SampleClass -->
