<?xml version="1.0" encoding="UTF-8"?>
<!-- Generated by org.testng.reporters.JUnitReportReporter -->
<testsuite hostname="LAPTOP-TV2ANJ2T" failures="0" tests="1" name="testNG.HardAssertion" time="4.768" errors="0" timestamp="2023-03-27T15:46:47 IST" skipped="0">
  <testcase classname="testNG.HardAssertion" name="loginTest" time="4.768"/>
  <system-out/>
</testsuite> <!-- testNG.HardAssertion -->
