<?xml version="1.0" encoding="UTF-8"?>
<!-- Generated by org.testng.reporters.JUnitReportReporter -->
<testsuite hostname="LAPTOP-TV2ANJ2T" failures="0" tests="1" name="assertion.HardAseertion1" time="7.715" errors="0" timestamp="2023-08-04T20:08:00 IST" skipped="0">
  <testcase classname="assertion.HardAseertion1" name="loginTest" time="7.715"/>
</testsuite> <!-- assertion.HardAseertion1 -->
