<?xml version="1.0" encoding="UTF-8"?>
<!-- Generated by org.testng.reporters.JUnitReportReporter -->
<testsuite hostname="LAPTOP-TV2ANJ2T" failures="0" tests="5" name="testNGPractice.AttributesTestNG" time="0.012" errors="0" timestamp="2023-08-01T19:18:47 IST" skipped="0">
  <testcase classname="testNGPractice.AttributesTestNG" name="alogout" time="0.003"/>
  <testcase classname="testNGPractice.AttributesTestNG" name="moneyTrasfer" time="0.001"/>
  <testcase classname="testNGPractice.AttributesTestNG" name="clogout" time="0.001"/>
  <testcase classname="testNGPractice.AttributesTestNG" name="alogout1" time="0.001"/>
  <testcase classname="testNGPractice.AttributesTestNG" name="blogin" time="0.006"/>
</testsuite> <!-- testNGPractice.AttributesTestNG -->
