<?xml version="1.0" encoding="UTF-8"?>
<!-- Generated by org.testng.reporters.JUnitReportReporter -->
<testsuite hostname="LAPTOP-TV2ANJ2T" failures="0" tests="1" name="testNGPractice.Listners1" time="0.009" errors="0" timestamp="2023-08-04T16:39:26 IST" skipped="0">
  <testcase classname="testNGPractice.Listners1" name="loginTest" time="0.009"/>
</testsuite> <!-- testNGPractice.Listners1 -->
