<?xml version="1.0" encoding="UTF-8"?>
<!-- Generated by org.testng.reporters.JUnitReportReporter -->
<testsuite hostname="LAPTOP-TV2ANJ2T" failures="0" tests="3" name="testNGPractice.DataProvide2" time="0.006" errors="0" timestamp="2023-08-02T23:27:06 IST" skipped="0">
  <testcase classname="testNGPractice.DataProvide2" name="login" time="0.005"/>
  <testcase classname="testNGPractice.DataProvide2" name="login" time="0.001"/>
  <testcase classname="testNGPractice.DataProvide2" name="login" time="0.000"/>
</testsuite> <!-- testNGPractice.DataProvide2 -->
